#-----------------------------------------------------------
# Vivado v2014.4 (64-bit)
# SW Build 1071353 on Tue Nov 18 18:29:27 MST 2014
# IP Build 1070531 on Tue Nov 18 01:10:18 MST 2014
# Start of session at: Tue Feb 10 16:46:43 2015
# Process ID: 5756
# Log file: D:/Users/Manu/Documents/Proyecto/pruebasVivado/zybo_video_demo/source/pcores/hdmi_rx_v1_00_a/hdmi_rx_v1_0_project/vivado.log
# Journal file: D:/Users/Manu/Documents/Proyecto/pruebasVivado/zybo_video_demo/source/pcores/hdmi_rx_v1_00_a/hdmi_rx_v1_0_project\vivado.jou
#-----------------------------------------------------------
start_gui
open_project D:/Users/Manu/Documents/Proyecto/pruebasVivado/zybo_video_demo/source/pcores/hdmi_rx_v1_00_a/hdmi_rx_v1_0_project/hdmi_rx_v1_0_project.xpr
INFO: [Project 1-489] The host OS only allows 260 characters in a normal path. The project is stored in a path with more than 80 characters. If you experience issues with IP, Block Designs, or files not being found, please consider moving the project to a location with a shorter path. Alternately consider using the OS subst command to map part of the path to a drive letter.
Current project path is 'D:/Users/Manu/Documents/Proyecto/pruebasVivado/zybo_video_demo/source/pcores/hdmi_rx_v1_00_a/hdmi_rx_v1_0_project'
Scanning sources...
Finished scanning sources
INFO: [IP_Flow 19-234] Refreshing IP repositories
INFO: [IP_Flow 19-1700] Loaded user IP repository 'd:/Users/Manu/Documents/Proyecto/pruebasVivado/zybo_video_demo/source/pcores/hdmi_rx_v1_00_a'.
WARNING: [IP_Flow 19-3656] If you move the project, the path for repository 'd:/Users/Manu/Documents/Proyecto/pruebasVivado/zybo_video_demo/source/pcores/hdmi_rx_v1_00_a' may become invalid. A better location for the repostory would be in a path adjacent to the project. (Current project location is 'd:/Users/Manu/Documents/Proyecto/pruebasVivado/zybo_video_demo/source/pcores/hdmi_rx_v1_00_a/hdmi_rx_v1_0_project'.)
INFO: [IP_Flow 19-1700] Loaded user IP repository 'd:/Users/Manu/Documents/Proyecto/zybo_base/zybo_bsd/lib/ADI'.
INFO: [IP_Flow 19-1700] Loaded user IP repository 'd:/Users/Manu/Documents/Proyecto/zybo_base/zybo_bsd/lib/Digilent'.
INFO: [IP_Flow 19-1700] Loaded user IP repository 'd:/Users/Manu/Documents/Proyecto/zybo_base/zybo_bsd/lib/xml'.
INFO: [IP_Flow 19-2313] Loaded Vivado IP repository 'C:/Xilinx/Vivado/2014.4/data/ip'.
exit
INFO: [Common 17-206] Exiting Vivado at Tue Feb 10 16:47:27 2015...
