

================================================================
== Vivado HLS Report for 'sobel_Sobel'
================================================================
* Date:           Sat Nov 14 10:52:19 2015

* Version:        2014.4 (Build 1071461 on Tue Nov 18 16:42:57 PM 2014)
* Project:        sobel.prj
* Solution:       solution1
* Product family: zynq
* Target device:  xc7z010clg400-1


================================================================
== Performance Estimates
================================================================
+ Timing (ns): 
    * Summary: 
    +---------+-------+----------+------------+
    |  Clock  | Target| Estimated| Uncertainty|
    +---------+-------+----------+------------+
    |default  |   8.00|      6.86|        1.00|
    +---------+-------+----------+------------+

+ Latency (clock cycles): 
    * Summary: 
    +-----+--------+-----+--------+---------+
    |    Latency   |   Interval   | Pipeline|
    | min |   max  | min |   max  |   Type  |
    +-----+--------+-----+--------+---------+
    |  154|  935986|  154|  935986|   none  |
    +-----+--------+-----+--------+---------+

    + Detail: 
        * Instance: 
        N/A

        * Loop: 
        N/A



================================================================
== Utilization Estimates
================================================================
* Summary: 
+-----------------+---------+-------+-------+-------+
|       Name      | BRAM_18K| DSP48E|   FF  |  LUT  |
+-----------------+---------+-------+-------+-------+
|Expression       |        -|      -|      -|      -|
|FIFO             |        -|      -|      -|      -|
|Instance         |        -|      -|      -|      -|
|Memory           |        -|      -|      -|      -|
|Multiplexer      |        -|      -|      -|      -|
|Register         |        -|      -|      -|      -|
+-----------------+---------+-------+-------+-------+
|Total            |        0|      0|      0|      0|
+-----------------+---------+-------+-------+-------+
|Available        |      120|     80|  35200|  17600|
+-----------------+---------+-------+-------+-------+
|Utilization (%)  |        0|      0|      0|      0|
+-----------------+---------+-------+-------+-------+

+ Detail: 
    * Instance: 
    N/A

    * Memory: 
    N/A

    * FIFO: 
    N/A

    * Expression: 
    N/A

    * Multiplexer: 
    N/A

    * Register: 
    N/A



================================================================
== Interface
================================================================
* Summary: 
N/A

============================================================
+ Verbose Summary: Synthesis Manager
============================================================
InlineROM: 1
ExposeGlobal: 0
============================================================
+ Verbose Summary: CDFG Model
============================================================
IsTopModel: 0
ResetActiveHigh: 1
IsCombinational: 2
IsDatapathOnly: 0
HasWiredReturn: 1
HasMFsm: 0
HasVarLatency: 1
IsPipeline: 0
IsRtlPipelined: 0
IsInstanceOverlapped: 0
IsDontTouch: 0
HasImplIP: 0
IsGatedGlobalClock: 0


============================================================
+ Verbose Summary: Schedule
============================================================
* Number of FSM states: 2
* Pipeline: 0
* Dataflow Pipeline: 0

* FSM state transitions: 
1 --> 
	2  / true
2 --> 
* FSM state operations: 

 <State 1>: 0.00ns
ST_1: p_src_cols_V_read_2 [1/1] 0.00ns
:6  %p_src_cols_V_read_2 = call i12 @_ssdm_op_Read.ap_auto.i12(i12 %p_src_cols_V_read)

ST_1: p_src_rows_V_read_2 [1/1] 0.00ns
:7  %p_src_rows_V_read_2 = call i12 @_ssdm_op_Read.ap_auto.i12(i12 %p_src_rows_V_read)

ST_1: stg_5 [2/2] 0.00ns
:8  call fastcc void @sobel_Filter2D(i12 %p_src_rows_V_read_2, i12 %p_src_cols_V_read_2, i8* %p_src_data_stream_0_V, i8* %p_src_data_stream_1_V, i8* %p_src_data_stream_2_V, i8* %p_dst_data_stream_0_V, i8* %p_dst_data_stream_1_V, i8* %p_dst_data_stream_2_V)


 <State 2>: 0.00ns
ST_2: stg_6 [1/1] 0.00ns
:0  call void (...)* @_ssdm_op_SpecInterface(i8* %p_dst_data_stream_2_V, [8 x i8]* @str98, i32 0, i32 0, i32 0, i32 0, [1 x i8]* @str99, [1 x i8]* @str99, [8 x i8]* @str98)

ST_2: stg_7 [1/1] 0.00ns
:1  call void (...)* @_ssdm_op_SpecInterface(i8* %p_dst_data_stream_1_V, [8 x i8]* @str94, i32 0, i32 0, i32 0, i32 0, [1 x i8]* @str95, [1 x i8]* @str95, [8 x i8]* @str94)

ST_2: stg_8 [1/1] 0.00ns
:2  call void (...)* @_ssdm_op_SpecInterface(i8* %p_dst_data_stream_0_V, [8 x i8]* @str90, i32 0, i32 0, i32 0, i32 0, [1 x i8]* @str91, [1 x i8]* @str91, [8 x i8]* @str90)

ST_2: stg_9 [1/1] 0.00ns
:3  call void (...)* @_ssdm_op_SpecInterface(i8* %p_src_data_stream_2_V, [8 x i8]* @str86, i32 0, i32 0, i32 0, i32 0, [1 x i8]* @str87, [1 x i8]* @str87, [8 x i8]* @str86)

ST_2: stg_10 [1/1] 0.00ns
:4  call void (...)* @_ssdm_op_SpecInterface(i8* %p_src_data_stream_1_V, [8 x i8]* @str82, i32 0, i32 0, i32 0, i32 0, [1 x i8]* @str83, [1 x i8]* @str83, [8 x i8]* @str82)

ST_2: stg_11 [1/1] 0.00ns
:5  call void (...)* @_ssdm_op_SpecInterface(i8* %p_src_data_stream_0_V, [8 x i8]* @str78, i32 0, i32 0, i32 0, i32 0, [1 x i8]* @str79, [1 x i8]* @str79, [8 x i8]* @str78)

ST_2: stg_12 [1/2] 0.00ns
:8  call fastcc void @sobel_Filter2D(i12 %p_src_rows_V_read_2, i12 %p_src_cols_V_read_2, i8* %p_src_data_stream_0_V, i8* %p_src_data_stream_1_V, i8* %p_src_data_stream_2_V, i8* %p_dst_data_stream_0_V, i8* %p_dst_data_stream_1_V, i8* %p_dst_data_stream_2_V)

ST_2: stg_13 [1/1] 0.00ns
:9  ret void



============================================================
+ Verbose Summary: Binding
============================================================
STG Binding: 
---------------- STG Properties BEGIN ----------------
- Is combinational: 0
- Is one-state seq: 0
- Is datapath-only: 0
- Is clock enabled: 0
- Is pipelined: 0
- Is top level: 0
Port [ Return ] is wired: 1; IO mode=ap_ctrl_hs:ce=0
Port [ p_src_rows_V_read]:  wired=1; compound=0; hidden=0; nouse=0; global=0; static=0; extern=0; dir=0; type=0; mode=0xa083990; pingpong=0; private_global=0; IO mode=ap_none:ce=0
Port [ p_src_cols_V_read]:  wired=1; compound=0; hidden=0; nouse=0; global=0; static=0; extern=0; dir=0; type=0; mode=0xa07fa00; pingpong=0; private_global=0; IO mode=ap_none:ce=0
Port [ p_src_data_stream_0_V]:  wired=1; compound=1; hidden=0; nouse=0; global=0; static=0; extern=0; dir=0; type=3; mode=0xa091c40; pingpong=0; private_global=0; IO mode=ap_fifo:ce=0
Port [ p_src_data_stream_1_V]:  wired=1; compound=1; hidden=0; nouse=0; global=0; static=0; extern=0; dir=0; type=3; mode=0xa091bb0; pingpong=0; private_global=0; IO mode=ap_fifo:ce=0
Port [ p_src_data_stream_2_V]:  wired=1; compound=1; hidden=0; nouse=0; global=0; static=0; extern=0; dir=0; type=3; mode=0xa084950; pingpong=0; private_global=0; IO mode=ap_fifo:ce=0
Port [ p_dst_data_stream_0_V]:  wired=1; compound=1; hidden=0; nouse=0; global=0; static=0; extern=0; dir=1; type=3; mode=0xa07fb20; pingpong=0; private_global=0; IO mode=ap_fifo:ce=0
Port [ p_dst_data_stream_1_V]:  wired=1; compound=1; hidden=0; nouse=0; global=0; static=0; extern=0; dir=1; type=3; mode=0xa08dd40; pingpong=0; private_global=0; IO mode=ap_fifo:ce=0
Port [ p_dst_data_stream_2_V]:  wired=1; compound=1; hidden=0; nouse=0; global=0; static=0; extern=0; dir=1; type=3; mode=0xa084170; pingpong=0; private_global=0; IO mode=ap_fifo:ce=0
---------------- STG Properties END ------------------

---------------- Datapath Model BEGIN ----------------

<LifeTime>
<method=bitvector/>
p_src_cols_V_read_2 (read         ) [ 001]
p_src_rows_V_read_2 (read         ) [ 001]
stg_6               (specinterface) [ 000]
stg_7               (specinterface) [ 000]
stg_8               (specinterface) [ 000]
stg_9               (specinterface) [ 000]
stg_10              (specinterface) [ 000]
stg_11              (specinterface) [ 000]
stg_12              (call         ) [ 000]
stg_13              (ret          ) [ 000]
</LifeTime>

<model>

<comp_list>
<comp id="0" class="1000" name="p_src_rows_V_read">
<pin_list>
<pin id="1" dir="1" index="0" bw="1" slack="0"/>
</pin_list>
<bind>
<StgValue><ssdm name="p_src_rows_V_read"/></StgValue>
</bind>
</comp>

<comp id="2" class="1000" name="p_src_cols_V_read">
<pin_list>
<pin id="3" dir="1" index="0" bw="1" slack="0"/>
</pin_list>
<bind>
<StgValue><ssdm name="p_src_cols_V_read"/></StgValue>
</bind>
</comp>

<comp id="4" class="1000" name="p_src_data_stream_0_V">
<pin_list>
<pin id="5" dir="1" index="0" bw="1" slack="0"/>
</pin_list>
<bind>
<StgValue><ssdm name="p_src_data_stream_0_V"/></StgValue>
</bind>
</comp>

<comp id="6" class="1000" name="p_src_data_stream_1_V">
<pin_list>
<pin id="7" dir="1" index="0" bw="1" slack="0"/>
</pin_list>
<bind>
<StgValue><ssdm name="p_src_data_stream_1_V"/></StgValue>
</bind>
</comp>

<comp id="8" class="1000" name="p_src_data_stream_2_V">
<pin_list>
<pin id="9" dir="1" index="0" bw="1" slack="0"/>
</pin_list>
<bind>
<StgValue><ssdm name="p_src_data_stream_2_V"/></StgValue>
</bind>
</comp>

<comp id="10" class="1000" name="p_dst_data_stream_0_V">
<pin_list>
<pin id="11" dir="1" index="0" bw="1" slack="0"/>
</pin_list>
<bind>
<StgValue><ssdm name="p_dst_data_stream_0_V"/></StgValue>
</bind>
</comp>

<comp id="12" class="1000" name="p_dst_data_stream_1_V">
<pin_list>
<pin id="13" dir="1" index="0" bw="1" slack="0"/>
</pin_list>
<bind>
<StgValue><ssdm name="p_dst_data_stream_1_V"/></StgValue>
</bind>
</comp>

<comp id="14" class="1000" name="p_dst_data_stream_2_V">
<pin_list>
<pin id="15" dir="1" index="0" bw="1" slack="0"/>
</pin_list>
<bind>
<StgValue><ssdm name="p_dst_data_stream_2_V"/></StgValue>
</bind>
</comp>

<comp id="16" class="1001" name="const_16">
<pin_list>
<pin id="17" dir="1" index="0" bw="1" slack="0"/>
</pin_list>
<bind>
<StgValue><ssdm name="_ssdm_op_Read.ap_auto.i12"/></StgValue>
</bind>
</comp>

<comp id="18" class="1001" name="const_18">
<pin_list>
<pin id="19" dir="1" index="0" bw="1" slack="0"/>
</pin_list>
<bind>
<StgValue><ssdm name="sobel_Filter2D"/></StgValue>
</bind>
</comp>

<comp id="20" class="1001" name="const_20">
<pin_list>
<pin id="21" dir="1" index="0" bw="1" slack="2147483647"/>
</pin_list>
<bind>
<StgValue><ssdm name="_ssdm_op_SpecInterface"/></StgValue>
</bind>
</comp>

<comp id="22" class="1001" name="const_22">
<pin_list>
<pin id="23" dir="1" index="0" bw="1" slack="2147483647"/>
</pin_list>
<bind>
<StgValue><ssdm name="str98"/></StgValue>
</bind>
</comp>

<comp id="24" class="1001" name="const_24">
<pin_list>
<pin id="25" dir="1" index="0" bw="1" slack="2147483647"/>
</pin_list>
<bind>
<StgValue><ssdm name=""/></StgValue>
</bind>
</comp>

<comp id="26" class="1001" name="const_26">
<pin_list>
<pin id="27" dir="1" index="0" bw="1" slack="2147483647"/>
</pin_list>
<bind>
<StgValue><ssdm name="str99"/></StgValue>
</bind>
</comp>

<comp id="28" class="1001" name="const_28">
<pin_list>
<pin id="29" dir="1" index="0" bw="1" slack="2147483647"/>
</pin_list>
<bind>
<StgValue><ssdm name="str94"/></StgValue>
</bind>
</comp>

<comp id="30" class="1001" name="const_30">
<pin_list>
<pin id="31" dir="1" index="0" bw="1" slack="2147483647"/>
</pin_list>
<bind>
<StgValue><ssdm name="str95"/></StgValue>
</bind>
</comp>

<comp id="32" class="1001" name="const_32">
<pin_list>
<pin id="33" dir="1" index="0" bw="1" slack="2147483647"/>
</pin_list>
<bind>
<StgValue><ssdm name="str90"/></StgValue>
</bind>
</comp>

<comp id="34" class="1001" name="const_34">
<pin_list>
<pin id="35" dir="1" index="0" bw="1" slack="2147483647"/>
</pin_list>
<bind>
<StgValue><ssdm name="str91"/></StgValue>
</bind>
</comp>

<comp id="36" class="1001" name="const_36">
<pin_list>
<pin id="37" dir="1" index="0" bw="1" slack="2147483647"/>
</pin_list>
<bind>
<StgValue><ssdm name="str86"/></StgValue>
</bind>
</comp>

<comp id="38" class="1001" name="const_38">
<pin_list>
<pin id="39" dir="1" index="0" bw="1" slack="2147483647"/>
</pin_list>
<bind>
<StgValue><ssdm name="str87"/></StgValue>
</bind>
</comp>

<comp id="40" class="1001" name="const_40">
<pin_list>
<pin id="41" dir="1" index="0" bw="1" slack="2147483647"/>
</pin_list>
<bind>
<StgValue><ssdm name="str82"/></StgValue>
</bind>
</comp>

<comp id="42" class="1001" name="const_42">
<pin_list>
<pin id="43" dir="1" index="0" bw="1" slack="2147483647"/>
</pin_list>
<bind>
<StgValue><ssdm name="str83"/></StgValue>
</bind>
</comp>

<comp id="44" class="1001" name="const_44">
<pin_list>
<pin id="45" dir="1" index="0" bw="1" slack="2147483647"/>
</pin_list>
<bind>
<StgValue><ssdm name="str78"/></StgValue>
</bind>
</comp>

<comp id="46" class="1001" name="const_46">
<pin_list>
<pin id="47" dir="1" index="0" bw="1" slack="2147483647"/>
</pin_list>
<bind>
<StgValue><ssdm name="str79"/></StgValue>
</bind>
</comp>

<comp id="48" class="1004" name="p_src_cols_V_read_2_read_fu_48">
<pin_list>
<pin id="49" dir="0" index="0" bw="12" slack="0"/>
<pin id="50" dir="0" index="1" bw="12" slack="0"/>
<pin id="51" dir="1" index="2" bw="12" slack="0"/>
</pin_list>
<bind>
<opcode="read(1150) " fcode="read"/>
<opset="p_src_cols_V_read_2/1 "/>
</bind>
</comp>

<comp id="54" class="1004" name="p_src_rows_V_read_2_read_fu_54">
<pin_list>
<pin id="55" dir="0" index="0" bw="12" slack="0"/>
<pin id="56" dir="0" index="1" bw="12" slack="0"/>
<pin id="57" dir="1" index="2" bw="12" slack="0"/>
</pin_list>
<bind>
<opcode="read(1150) " fcode="read"/>
<opset="p_src_rows_V_read_2/1 "/>
</bind>
</comp>

<comp id="61" class="1004" name="grp_sobel_Filter2D_fu_61">
<pin_list>
<pin id="62" dir="0" index="0" bw="0" slack="0"/>
<pin id="63" dir="0" index="1" bw="12" slack="0"/>
<pin id="64" dir="0" index="2" bw="12" slack="0"/>
<pin id="65" dir="0" index="3" bw="8" slack="0"/>
<pin id="66" dir="0" index="4" bw="8" slack="0"/>
<pin id="67" dir="0" index="5" bw="8" slack="0"/>
<pin id="68" dir="0" index="6" bw="8" slack="0"/>
<pin id="69" dir="0" index="7" bw="8" slack="0"/>
<pin id="70" dir="0" index="8" bw="8" slack="0"/>
<pin id="71" dir="1" index="9" bw="0" slack="2147483647"/>
</pin_list>
<bind>
<opcode="call(48) " fcode="call"/>
<opset="stg_5/1 "/>
</bind>
</comp>

<comp id="81" class="1005" name="p_src_cols_V_read_2_reg_81">
<pin_list>
<pin id="82" dir="0" index="0" bw="12" slack="1"/>
<pin id="83" dir="1" index="1" bw="12" slack="1"/>
</pin_list>
<bind>
<opset="p_src_cols_V_read_2 "/>
</bind>
</comp>

<comp id="86" class="1005" name="p_src_rows_V_read_2_reg_86">
<pin_list>
<pin id="87" dir="0" index="0" bw="12" slack="1"/>
<pin id="88" dir="1" index="1" bw="12" slack="1"/>
</pin_list>
<bind>
<opset="p_src_rows_V_read_2 "/>
</bind>
</comp>

</comp_list>

<net_list>
<net id="52"><net_src comp="16" pin="0"/><net_sink comp="48" pin=0"/></net>

<net id="53"><net_src comp="2" pin="0"/><net_sink comp="48" pin=1"/></net>

<net id="58"><net_src comp="16" pin="0"/><net_sink comp="54" pin=0"/></net>

<net id="59"><net_src comp="0" pin="0"/><net_sink comp="54" pin=1"/></net>

<net id="72"><net_src comp="18" pin="0"/><net_sink comp="61" pin=0"/></net>

<net id="73"><net_src comp="54" pin="2"/><net_sink comp="61" pin=1"/></net>

<net id="74"><net_src comp="48" pin="2"/><net_sink comp="61" pin=2"/></net>

<net id="75"><net_src comp="4" pin="0"/><net_sink comp="61" pin=3"/></net>

<net id="76"><net_src comp="6" pin="0"/><net_sink comp="61" pin=4"/></net>

<net id="77"><net_src comp="8" pin="0"/><net_sink comp="61" pin=5"/></net>

<net id="78"><net_src comp="10" pin="0"/><net_sink comp="61" pin=6"/></net>

<net id="79"><net_src comp="12" pin="0"/><net_sink comp="61" pin=7"/></net>

<net id="80"><net_src comp="14" pin="0"/><net_sink comp="61" pin=8"/></net>

<net id="84"><net_src comp="48" pin="2"/><net_sink comp="81" pin=0"/></net>

<net id="85"><net_src comp="81" pin="1"/><net_sink comp="61" pin=2"/></net>

<net id="89"><net_src comp="54" pin="2"/><net_sink comp="86" pin=0"/></net>

<net id="90"><net_src comp="86" pin="1"/><net_sink comp="61" pin=1"/></net>

</net_list>

</model> 
---------------- Datapath Model END ------------------

* FSMD analyzer results:
  - Output states:
	Port: p_dst_data_stream_0_V | {1 2 }
	Port: p_dst_data_stream_1_V | {1 2 }
	Port: p_dst_data_stream_2_V | {1 2 }
  - Chain level:
	State 1
	State 2


============================================================
+ Verbose Summary: Datapath Resource usage 
============================================================

* Functional unit list:
|----------|--------------------------------|---------|---------|---------|---------|
| Operation|         Functional Unit        |   BRAM  |  Delay  |    FF   |   LUT   |
|----------|--------------------------------|---------|---------|---------|---------|
|   call   |    grp_sobel_Filter2D_fu_61    |    9    |  14.139 |   1325  |   2531  |
|----------|--------------------------------|---------|---------|---------|---------|
|   read   | p_src_cols_V_read_2_read_fu_48 |    0    |    0    |    0    |    0    |
|          | p_src_rows_V_read_2_read_fu_54 |    0    |    0    |    0    |    0    |
|----------|--------------------------------|---------|---------|---------|---------|
|   Total  |                                |    9    |  14.139 |   1325  |   2531  |
|----------|--------------------------------|---------|---------|---------|---------|

Memories:
N/A

* Register list:
+--------------------------+--------+
|                          |   FF   |
+--------------------------+--------+
|p_src_cols_V_read_2_reg_81|   12   |
|p_src_rows_V_read_2_reg_86|   12   |
+--------------------------+--------+
|           Total          |   24   |
+--------------------------+--------+

* Multiplexer (MUX) list: 
|--------------------------|------|------|------|--------||---------||---------|
|           Comp           |  Pin | Size |  BW  | S x BW ||  Delay  ||   LUT   |
|--------------------------|------|------|------|--------||---------||---------|
| grp_sobel_Filter2D_fu_61 |  p1  |   2  |  12  |   24   ||    12   |
| grp_sobel_Filter2D_fu_61 |  p2  |   2  |  12  |   24   ||    12   |
|--------------------------|------|------|------|--------||---------||---------|
|           Total          |      |      |      |   48   ||  3.142  ||    24   |
|--------------------------|------|------|------|--------||---------||---------|



* Summary:
+-----------+--------+--------+--------+--------+
|           |  BRAM  |  Delay |   FF   |   LUT  |
+-----------+--------+--------+--------+--------+
|  Function |    9   |   14   |  1325  |  2531  |
|   Memory  |    -   |    -   |    -   |    -   |
|Multiplexer|    -   |    3   |    -   |   24   |
|  Register |    -   |    -   |   24   |    -   |
+-----------+--------+--------+--------+--------+
|   Total   |    9   |   17   |  1349  |  2555  |
+-----------+--------+--------+--------+--------+
